<?xml version="1.0" encoding="UTF-8"?>
<testsuites name="e-Cancer" time="32" tests="3" failures="0" errors="0">
   <testsuite name="e-Cancer" tests="3" failures="0" errors="0" time="32" timestamp="2019-04-25 10:44:30" hostname="00130257 - LTEIBCE514928.etiqa-my.MBB.DIR" id="Test Suites/e-Cancer">
      <properties>
         <property name="deviceName" value=""/>
         <property name="devicePlatform" value=""/>
         <property name="logFolder" value="C:\\Users\\00130257\\Katalon Studio\\e-Cancer\\Reports\\e-Cancer\\20190425_104420"/>
         <property name="logFiles" value="C:\\Users\\00130257\\Katalon Studio\\e-Cancer\\Reports\\e-Cancer\\20190425_104420\\execution0.log"/>
         <property name="attachments" value=""/>
         <property name="hostName" value="00130257 - LTEIBCE514928.etiqa-my.MBB.DIR"/>
         <property name="os" value="Windows 7 64bit"/>
         <property name="katalonVersion" value="6.1.2.2"/>
         <property name="browser" value="Chrome 72.0.3626.121"/>
         <property name="hostAddress" value="10.250.104.229"/>
         <property name="sessionId" value="baa129cf3f003f7d2d09ff6729ce9904"/>
         <property name="seleniumVersion" value="3.7.1"/>
         <property name="proxyInformation" value="ProxyInformation{proxyOption=NO_PROXY, proxyServerType=HTTP, password=, proxyServerAddress=, proxyServerPort=0}"/>
         <property name="platform" value="Windows 7"/>
      </properties>
      <testcase name="Test Cases/Browser Navigation" classname="Test Cases/Browser Navigation" status="PASSED">
         <system-out><![CDATA[2019-04-25 10:44:31 - [TEST_CASE][PASSED] - Test Cases/Browser Navigation: Test Cases/Browser Navigation

2019-04-25 10:44:33 - [TEST_STEP][PASSED] - options = new org.openqa.selenium.chrome.ChromeOptions(): null

2019-04-25 10:44:33 - [TEST_STEP][PASSED] - capabilities = new org.openqa.selenium.remote.DesiredCapabilities(): null

2019-04-25 10:44:33 - [TEST_STEP][PASSED] - capabilities.setCapability(CAPABILITY, options): null

2019-04-25 10:44:33 - [TEST_STEP][PASSED] - System.setProperty("webdriver.chrome.driver", "D:/Installer/Katalon Studio 6.1.2/chromedriver.exe"): null

2019-04-25 10:44:33 - [TEST_STEP][PASSED] - driver = new org.openqa.selenium.chrome.ChromeDriver(capabilities): null

2019-04-25 10:44:44 - [TEST_STEP][PASSED] - changeWebDriver(driver): null

2019-04-25 10:44:45 - [TEST_STEP][PASSED] - maximizeWindow(): Current window maximized

2019-04-25 10:44:46 - [MESSAGE][PASSED] - Current window maximized

2019-04-25 10:44:46 - [TEST_STEP][PASSED] - navigateToUrl("https://uat.etiqa.com.my:4442/cancer-care/en/insurance/qq1"): Navigate to 'https://uat.etiqa.com.my:4442/cancer-care/en/insurance/qq1' successfully

2019-04-25 10:44:50 - [MESSAGE][PASSED] - Navigate to 'https://uat.etiqa.com.my:4442/cancer-care/en/insurance/qq1' successfully]]></system-out>
         <system-err><![CDATA[]]></system-err>
      </testcase>
      <testcase name="Test Cases/Language Toggle" classname="Test Cases/Language Toggle" status="PASSED">
         <system-out><![CDATA[2019-04-25 10:44:50 - [TEST_CASE][PASSED] - Test Cases/Language Toggle: Test Cases/Language Toggle

2019-04-25 10:44:51 - [TEST_STEP][PASSED] - selectOptionByLabel(findTestObject("e-Cancer/Language Option"), "B.Malaysia", false): All options with label 'B.Malaysia' are selected in object 'Object Repository/e-Cancer/Language Option' 

2019-04-25 10:44:56 - [MESSAGE][PASSED] - All options with label 'B.Malaysia' are selected in object 'Object Repository/e-Cancer/Language Option' 

2019-04-25 10:44:56 - [TEST_STEP][PASSED] - verifyElementText(findTestObject("e-Cancer/Form Instruction"), "Sila lengkapkan borang berikut"): Actual text and expected text of test object 'Object Repository/e-Cancer/Form Instruction' are matched.

2019-04-25 10:44:57 - [MESSAGE][PASSED] - Actual text and expected text of test object 'Object Repository/e-Cancer/Form Instruction' are matched.

2019-04-25 10:44:57 - [TEST_STEP][PASSED] - selectOptionByLabel(findTestObject("e-Cancer/Language Option"), "English", false): All options with label 'English' are selected in object 'Object Repository/e-Cancer/Language Option' 

2019-04-25 10:44:59 - [MESSAGE][PASSED] - All options with label 'English' are selected in object 'Object Repository/e-Cancer/Language Option' 

2019-04-25 10:44:59 - [TEST_STEP][PASSED] - verifyElementText(findTestObject("e-Cancer/Form Instruction"), "Please complete the form below"): Actual text and expected text of test object 'Object Repository/e-Cancer/Form Instruction' are matched.

2019-04-25 10:44:59 - [MESSAGE][PASSED] - Actual text and expected text of test object 'Object Repository/e-Cancer/Form Instruction' are matched.]]></system-out>
         <system-err><![CDATA[]]></system-err>
      </testcase>
      <testcase name="Test Cases/DOB Selection" classname="Test Cases/DOB Selection" status="PASSED">
         <system-out><![CDATA[2019-04-25 10:44:59 - [TEST_CASE][PASSED] - Test Cases/DOB Selection: Test Cases/DOB Selection

2019-04-25 10:45:00 - [TEST_STEP][PASSED] - return null: null]]></system-out>
         <system-err><![CDATA[]]></system-err>
      </testcase>
      <system-out><![CDATA[2019-04-25 10:44:30 - [TEST_SUITE][PASSED] - e-Cancer: Test Cases/DOB Selection]]></system-out>
      <system-err><![CDATA[]]></system-err>
   </testsuite>
</testsuites>
