<?xml version="1.0" encoding="UTF-8"?>
<testsuites name="e-Cancer" time="39" tests="2" failures="0" errors="0">
   <testsuite name="e-Cancer" tests="2" failures="0" errors="0" time="39" timestamp="2019-05-06 10:07:11" hostname="00130257 - LTEIBCE514928.etiqa-my.MBB.DIR" id="Test Suites/e-Cancer">
      <properties>
         <property name="deviceName" value=""/>
         <property name="devicePlatform" value=""/>
         <property name="logFolder" value="C:\\Users\\00130257\\Katalon Studio\\e-Cancer\\Reports\\e-Cancer\\20190506_100658"/>
         <property name="logFiles" value="C:\\Users\\00130257\\Katalon Studio\\e-Cancer\\Reports\\e-Cancer\\20190506_100658\\execution0.log"/>
         <property name="attachments" value=""/>
         <property name="hostName" value="00130257 - LTEIBCE514928.etiqa-my.MBB.DIR"/>
         <property name="os" value="Windows 7 64bit"/>
         <property name="katalonVersion" value="6.1.2.2"/>
         <property name="browser" value="Chrome 72.0.3626.121"/>
         <property name="hostAddress" value="10.250.104.229"/>
         <property name="sessionId" value="24302c739c1882ecaeb3480bdf08a19d"/>
         <property name="seleniumVersion" value="3.7.1"/>
         <property name="proxyInformation" value="ProxyInformation{proxyOption=NO_PROXY, proxyServerType=HTTP, password=, proxyServerAddress=, proxyServerPort=0}"/>
         <property name="platform" value="Windows 7"/>
      </properties>
      <testcase name="Test Cases/00_Browser Navigation" classname="Test Cases/00_Browser Navigation" status="PASSED">
         <system-out><![CDATA[2019-05-06 10:07:12 - [TEST_CASE][PASSED] - Test Cases/00_Browser Navigation: Test Cases/00_Browser Navigation

2019-05-06 10:07:14 - [TEST_STEP][PASSED] - options = new org.openqa.selenium.chrome.ChromeOptions(): null

2019-05-06 10:07:14 - [TEST_STEP][PASSED] - capabilities = new org.openqa.selenium.remote.DesiredCapabilities(): null

2019-05-06 10:07:14 - [TEST_STEP][PASSED] - capabilities.setCapability(CAPABILITY, options): null

2019-05-06 10:07:15 - [TEST_STEP][PASSED] - System.setProperty("webdriver.chrome.driver", getChromeDriverPath()): null

2019-05-06 10:07:15 - [TEST_STEP][PASSED] - driver = new org.openqa.selenium.chrome.ChromeDriver(capabilities): null

2019-05-06 10:07:25 - [TEST_STEP][PASSED] - changeWebDriver(driver): null

2019-05-06 10:07:25 - [TEST_STEP][PASSED] - maximizeWindow(): Current window maximized

2019-05-06 10:07:27 - [MESSAGE][PASSED] - Current window maximized

2019-05-06 10:07:27 - [TEST_STEP][PASSED] - navigateToUrl("https://uat.etiqa.com.my:4442/cancer-care/en/insurance/qq1"): Navigate to 'https://uat.etiqa.com.my:4442/cancer-care/en/insurance/qq1' successfully

2019-05-06 10:07:32 - [MESSAGE][PASSED] - Navigate to 'https://uat.etiqa.com.my:4442/cancer-care/en/insurance/qq1' successfully]]></system-out>
         <system-err><![CDATA[]]></system-err>
      </testcase>
      <testcase name="Test Cases/10_Underwriting Question - Question" classname="Test Cases/10_Underwriting Question - Question" status="PASSED">
         <system-out><![CDATA[2019-05-06 10:07:32 - [TEST_CASE][PASSED] - Test Cases/10_Underwriting Question - Question: Test Cases/10_Underwriting Question - Question

2019-05-06 10:07:33 - [TEST_STEP][PASSED] - sendKeys(findTestObject("e-Cancer/DOB"), "01/01/1980"): Keys '01/01/1980' sent to object: 'Object Repository/e-Cancer/DOB'

2019-05-06 10:07:34 - [MESSAGE][PASSED] - Keys '01/01/1980' sent to object: 'Object Repository/e-Cancer/DOB'

2019-05-06 10:07:34 - [TEST_STEP][PASSED] - click(findTestObject("e-Cancer/Form Instruction")): Object: 'Object Repository/e-Cancer/Form Instruction' is clicked on

2019-05-06 10:07:34 - [MESSAGE][PASSED] - Object: 'Object Repository/e-Cancer/Form Instruction' is clicked on

2019-05-06 10:07:34 - [TEST_STEP][PASSED] - if (Gender == "Male"): Object: 'Object Repository/e-Cancer/Gender - Male' is clicked on

2019-05-06 10:07:35 - [TEST_STEP][PASSED] - click(findTestObject("e-Cancer/Gender - Male")): Object: 'Object Repository/e-Cancer/Gender - Male' is clicked on

2019-05-06 10:07:35 - [MESSAGE][PASSED] - Object: 'Object Repository/e-Cancer/Gender - Male' is clicked on

2019-05-06 10:07:35 - [TEST_STEP][PASSED] - click(findTestObject("e-Cancer/Package Selection")): Object: 'Object Repository/e-Cancer/Package Selection' is clicked on

2019-05-06 10:07:36 - [MESSAGE][PASSED] - Object: 'Object Repository/e-Cancer/Package Selection' is clicked on

2019-05-06 10:07:36 - [TEST_STEP][PASSED] - click(findTestObject("Object Repository/e-Cancer/Package Screen Objects/span_RM_slider-amount-agreed")): Object: 'Object Repository/e-Cancer/Package Screen Objects/span_RM_slider-amount-agreed' is clicked on

2019-05-06 10:07:37 - [MESSAGE][PASSED] - Object: 'Object Repository/e-Cancer/Package Screen Objects/span_RM_slider-amount-agreed' is clicked on

2019-05-06 10:07:37 - [TEST_STEP][PASSED] - click(findTestObject("Object Repository/e-Cancer/Package Screen Objects/div_Years")): Object: 'Object Repository/e-Cancer/Package Screen Objects/div_Years' is clicked on

2019-05-06 10:07:38 - [MESSAGE][PASSED] - Object: 'Object Repository/e-Cancer/Package Screen Objects/div_Years' is clicked on

2019-05-06 10:07:38 - [TEST_STEP][PASSED] - delay(10): Delayed 10 second(s)

2019-05-06 10:07:48 - [MESSAGE][PASSED] - Delayed 10 second(s)

2019-05-06 10:07:48 - [TEST_STEP][PASSED] - click(findTestObject("Object Repository/e-Cancer/Package Screen Objects/button_Save")): Object: 'Object Repository/e-Cancer/Package Screen Objects/button_Save' is clicked on

2019-05-06 10:07:48 - [MESSAGE][PASSED] - Object: 'Object Repository/e-Cancer/Package Screen Objects/button_Save' is clicked on]]></system-out>
         <system-err><![CDATA[]]></system-err>
      </testcase>
      <system-out><![CDATA[2019-05-06 10:07:11 - [TEST_SUITE][PASSED] - e-Cancer: Test Cases/10_Underwriting Question - Question]]></system-out>
      <system-err><![CDATA[]]></system-err>
   </testsuite>
</testsuites>
