<?xml version="1.0" encoding="UTF-8"?>
<testsuites name="e-Cancer" time="25" tests="2" failures="0" errors="0">
   <testsuite name="e-Cancer" tests="2" failures="0" errors="0" time="25" timestamp="2019-06-13 09:56:12" hostname="00130257 - LTEIBCE514928.etiqa-my.MBB.DIR" id="Test Suites/e-Cancer">
      <properties>
         <property name="deviceName" value=""/>
         <property name="devicePlatform" value=""/>
         <property name="logFolder" value="D:\\Katalon\\eCancer\\Reports\\e-Cancer\\20190613_095605"/>
         <property name="logFiles" value="D:\\Katalon\\eCancer\\Reports\\e-Cancer\\20190613_095605\\execution0.log"/>
         <property name="attachments" value=""/>
         <property name="hostName" value="00130257 - LTEIBCE514928.etiqa-my.MBB.DIR"/>
         <property name="os" value="Windows 7 64bit"/>
         <property name="katalonVersion" value="6.1.2.2"/>
         <property name="browser" value="Chrome 74.0.3729.169"/>
         <property name="hostAddress" value="10.250.104.229"/>
         <property name="sessionId" value="4f04920621f7bf9ef4b4208dead17d0c"/>
         <property name="seleniumVersion" value="3.7.1"/>
         <property name="proxyInformation" value="ProxyInformation{proxyOption=NO_PROXY, proxyServerType=HTTP, password=, proxyServerAddress=, proxyServerPort=0}"/>
         <property name="platform" value="Windows 7"/>
      </properties>
      <testcase name="Test Cases/00_Browser Navigation" classname="Test Cases/00_Browser Navigation" status="PASSED">
         <system-out><![CDATA[2019-06-13 09:56:13 - [TEST_CASE][PASSED] - Test Cases/00_Browser Navigation: Test Cases/00_Browser Navigation

2019-06-13 09:56:15 - [TEST_STEP][PASSED] - options = new org.openqa.selenium.chrome.ChromeOptions(): null

2019-06-13 09:56:15 - [TEST_STEP][PASSED] - capabilities = new org.openqa.selenium.remote.DesiredCapabilities(): null

2019-06-13 09:56:15 - [TEST_STEP][PASSED] - capabilities.setCapability(CAPABILITY, options): null

2019-06-13 09:56:15 - [TEST_STEP][PASSED] - System.setProperty("webdriver.chrome.driver", getChromeDriverPath()): null

2019-06-13 09:56:15 - [TEST_STEP][PASSED] - driver = new org.openqa.selenium.chrome.ChromeDriver(capabilities): null

2019-06-13 09:56:25 - [TEST_STEP][PASSED] - changeWebDriver(driver): null

2019-06-13 09:56:25 - [TEST_STEP][PASSED] - maximizeWindow(): Current window maximized

2019-06-13 09:56:26 - [MESSAGE][PASSED] - Current window maximized

2019-06-13 09:56:26 - [TEST_STEP][PASSED] - navigateToUrl("https://172.29.74.134:4442/cancer-care/en/takaful/qq1"): Navigate to 'https://172.29.74.134:4442/cancer-care/en/takaful/qq1' successfully

2019-06-13 09:56:31 - [MESSAGE][PASSED] - Navigate to 'https://172.29.74.134:4442/cancer-care/en/takaful/qq1' successfully]]></system-out>
         <system-err><![CDATA[]]></system-err>
      </testcase>
      <testcase name="Test Cases/02_DOB Selection" classname="Test Cases/02_DOB Selection" status="PASSED">
         <system-out><![CDATA[2019-06-13 09:56:31 - [TEST_CASE][PASSED] - Test Cases/02_DOB Selection: Test Cases/02_DOB Selection

2019-06-13 09:56:32 - [TEST_STEP][PASSED] - click(findTestObject("e-Cancer/Next")): Object: 'Object Repository/e-Cancer/Next' is clicked on

2019-06-13 09:56:33 - [MESSAGE][PASSED] - Object: 'Object Repository/e-Cancer/Next' is clicked on

2019-06-13 09:56:33 - [TEST_STEP][PASSED] - verifyElementText(findTestObject("e-Cancer/DOB Feedback Message"), "Please enter your Date of Birth"): Actual text and expected text of test object 'Object Repository/e-Cancer/DOB Feedback Message' are matched.

2019-06-13 09:56:34 - [MESSAGE][PASSED] - Actual text and expected text of test object 'Object Repository/e-Cancer/DOB Feedback Message' are matched.

2019-06-13 09:56:34 - [TEST_STEP][PASSED] - sendKeys(findTestObject("e-Cancer/DOB"), "01/01/2018"): Keys '01/01/2018' sent to object: 'Object Repository/e-Cancer/DOB'

2019-06-13 09:56:35 - [MESSAGE][PASSED] - Keys '01/01/2018' sent to object: 'Object Repository/e-Cancer/DOB'

2019-06-13 09:56:35 - [TEST_STEP][PASSED] - verifyElementText(findTestObject("e-Cancer/DOB Feedback Message"), "Sorry, you are not eligible for this insurance because you did not meet the minimum age limit"): Actual text and expected text of test object 'Object Repository/e-Cancer/DOB Feedback Message' are matched.

2019-06-13 09:56:35 - [MESSAGE][PASSED] - Actual text and expected text of test object 'Object Repository/e-Cancer/DOB Feedback Message' are matched.

2019-06-13 09:56:35 - [TEST_STEP][PASSED] - clearText(findTestObject("e-Cancer/DOB")): Text of object 'Object Repository/e-Cancer/DOB' is cleared

2019-06-13 09:56:35 - [MESSAGE][PASSED] - Text of object 'Object Repository/e-Cancer/DOB' is cleared]]></system-out>
         <system-err><![CDATA[]]></system-err>
      </testcase>
      <system-out><![CDATA[2019-06-13 09:56:12 - [TEST_SUITE][PASSED] - e-Cancer: Test Cases/02_DOB Selection]]></system-out>
      <system-err><![CDATA[]]></system-err>
   </testsuite>
</testsuites>
