<?xml version="1.0" encoding="UTF-8"?>
<testsuites name="e-Cancer" time="35" tests="2" failures="0" errors="0">
   <testsuite name="e-Cancer" tests="2" failures="0" errors="0" time="35" timestamp="2019-06-13 09:44:43" hostname="00130257 - LTEIBCE514928.etiqa-my.MBB.DIR" id="Test Suites/e-Cancer">
      <properties>
         <property name="deviceName" value=""/>
         <property name="devicePlatform" value=""/>
         <property name="logFolder" value="D:\\Katalon\\eCancer\\Reports\\e-Cancer\\20190613_094435"/>
         <property name="logFiles" value="D:\\Katalon\\eCancer\\Reports\\e-Cancer\\20190613_094435\\execution0.log"/>
         <property name="attachments" value=""/>
         <property name="hostName" value="00130257 - LTEIBCE514928.etiqa-my.MBB.DIR"/>
         <property name="os" value="Windows 7 64bit"/>
         <property name="katalonVersion" value="6.1.2.2"/>
         <property name="browser" value="Chrome 74.0.3729.169"/>
         <property name="hostAddress" value="10.250.104.229"/>
         <property name="sessionId" value="34b6e00afcc256378627ea9ff57e8ed0"/>
         <property name="seleniumVersion" value="3.7.1"/>
         <property name="proxyInformation" value="ProxyInformation{proxyOption=NO_PROXY, proxyServerType=HTTP, password=, proxyServerAddress=, proxyServerPort=0}"/>
         <property name="platform" value="Windows 7"/>
      </properties>
      <testcase name="Test Cases/00_Browser Navigation" classname="Test Cases/00_Browser Navigation" status="PASSED">
         <system-out><![CDATA[2019-06-13 09:44:44 - [TEST_CASE][PASSED] - Test Cases/00_Browser Navigation: Test Cases/00_Browser Navigation

2019-06-13 09:44:45 - [TEST_STEP][PASSED] - options = new org.openqa.selenium.chrome.ChromeOptions(): null

2019-06-13 09:44:46 - [TEST_STEP][PASSED] - capabilities = new org.openqa.selenium.remote.DesiredCapabilities(): null

2019-06-13 09:44:46 - [TEST_STEP][PASSED] - capabilities.setCapability(CAPABILITY, options): null

2019-06-13 09:44:46 - [TEST_STEP][PASSED] - System.setProperty("webdriver.chrome.driver", getChromeDriverPath()): null

2019-06-13 09:44:46 - [TEST_STEP][PASSED] - driver = new org.openqa.selenium.chrome.ChromeDriver(capabilities): null

2019-06-13 09:45:00 - [TEST_STEP][PASSED] - changeWebDriver(driver): null

2019-06-13 09:45:01 - [TEST_STEP][PASSED] - maximizeWindow(): Current window maximized

2019-06-13 09:45:02 - [MESSAGE][PASSED] - Current window maximized

2019-06-13 09:45:02 - [TEST_STEP][PASSED] - navigateToUrl("https://172.29.74.134:4442/cancer-care/en/takaful/qq1"): Navigate to 'https://172.29.74.134:4442/cancer-care/en/takaful/qq1' successfully

2019-06-13 09:45:07 - [MESSAGE][PASSED] - Navigate to 'https://172.29.74.134:4442/cancer-care/en/takaful/qq1' successfully]]></system-out>
         <system-err><![CDATA[]]></system-err>
      </testcase>
      <testcase name="Test Cases/01_Language Toggle" classname="Test Cases/01_Language Toggle" status="PASSED">
         <system-out><![CDATA[2019-06-13 09:45:07 - [TEST_CASE][PASSED] - Test Cases/01_Language Toggle: Test Cases/01_Language Toggle

2019-06-13 09:45:08 - [TEST_STEP][PASSED] - selectOptionByLabel(findTestObject("e-Cancer/Language Option"), "B.Malaysia", false): All options with label 'B.Malaysia' are selected in object 'Object Repository/e-Cancer/Language Option' 

2019-06-13 09:45:13 - [MESSAGE][PASSED] - All options with label 'B.Malaysia' are selected in object 'Object Repository/e-Cancer/Language Option' 

2019-06-13 09:45:13 - [TEST_STEP][PASSED] - verifyElementText(findTestObject("e-Cancer/Form Instruction"), "Sila lengkapkan borang berikut"): Actual text and expected text of test object 'Object Repository/e-Cancer/Form Instruction' are matched.

2019-06-13 09:45:13 - [MESSAGE][PASSED] - Actual text and expected text of test object 'Object Repository/e-Cancer/Form Instruction' are matched.

2019-06-13 09:45:13 - [TEST_STEP][PASSED] - selectOptionByLabel(findTestObject("e-Cancer/Language Option"), "English", false): All options with label 'English' are selected in object 'Object Repository/e-Cancer/Language Option' 

2019-06-13 09:45:16 - [MESSAGE][PASSED] - All options with label 'English' are selected in object 'Object Repository/e-Cancer/Language Option' 

2019-06-13 09:45:16 - [TEST_STEP][PASSED] - verifyElementText(findTestObject("e-Cancer/Form Instruction"), "Please complete the form below"): Actual text and expected text of test object 'Object Repository/e-Cancer/Form Instruction' are matched.

2019-06-13 09:45:16 - [MESSAGE][PASSED] - Actual text and expected text of test object 'Object Repository/e-Cancer/Form Instruction' are matched.]]></system-out>
         <system-err><![CDATA[]]></system-err>
      </testcase>
      <system-out><![CDATA[2019-06-13 09:44:43 - [TEST_SUITE][PASSED] - e-Cancer: Test Cases/01_Language Toggle]]></system-out>
      <system-err><![CDATA[]]></system-err>
   </testsuite>
</testsuites>
