<?xml version="1.0" encoding="UTF-8"?>
<testsuites name="e-Cancer" time="13" tests="4" failures="0" errors="0">
   <testsuite name="e-Cancer" tests="4" failures="0" errors="0" time="13" timestamp="2019-05-06 15:46:10" hostname="00130257 - LTEIBCE514928.etiqa-my.MBB.DIR" id="Test Suites/e-Cancer">
      <properties>
         <property name="deviceName" value=""/>
         <property name="devicePlatform" value=""/>
         <property name="logFolder" value="C:\\Users\\00130257\\Katalon Studio\\e-Cancer\\Reports\\e-Cancer\\20190506_154607"/>
         <property name="logFiles" value="C:\\Users\\00130257\\Katalon Studio\\e-Cancer\\Reports\\e-Cancer\\20190506_154607\\execution0.log"/>
         <property name="attachments" value=""/>
         <property name="hostName" value="00130257 - LTEIBCE514928.etiqa-my.MBB.DIR"/>
         <property name="os" value="Windows 7 64bit"/>
         <property name="katalonVersion" value="6.1.2.2"/>
         <property name="browser" value="Chrome 72.0.3626.121"/>
         <property name="hostAddress" value="10.250.104.229"/>
         <property name="sessionId" value="4545d6d7d8a4b324e44dc4575a548f9e"/>
         <property name="seleniumVersion" value="3.7.1"/>
         <property name="proxyInformation" value="ProxyInformation{proxyOption=NO_PROXY, proxyServerType=HTTP, password=, proxyServerAddress=, proxyServerPort=0}"/>
         <property name="platform" value="Windows 7"/>
      </properties>
      <testcase name="Test Cases/00_Browser Navigation" classname="Test Cases/00_Browser Navigation" status="PASSED">
         <system-out><![CDATA[2019-05-06 15:46:10 - [TEST_CASE][PASSED] - Test Cases/00_Browser Navigation: Test Cases/00_Browser Navigation

2019-05-06 15:46:11 - [TEST_STEP][PASSED] - options = new org.openqa.selenium.chrome.ChromeOptions(): null

2019-05-06 15:46:11 - [TEST_STEP][PASSED] - capabilities = new org.openqa.selenium.remote.DesiredCapabilities(): null

2019-05-06 15:46:11 - [TEST_STEP][PASSED] - capabilities.setCapability(CAPABILITY, options): null

2019-05-06 15:46:11 - [TEST_STEP][PASSED] - System.setProperty("webdriver.chrome.driver", getChromeDriverPath()): null

2019-05-06 15:46:11 - [TEST_STEP][PASSED] - driver = new org.openqa.selenium.chrome.ChromeDriver(capabilities): null

2019-05-06 15:46:14 - [TEST_STEP][PASSED] - changeWebDriver(driver): null

2019-05-06 15:46:14 - [TEST_STEP][PASSED] - maximizeWindow(): Current window maximized

2019-05-06 15:46:15 - [MESSAGE][PASSED] - Current window maximized

2019-05-06 15:46:15 - [TEST_STEP][PASSED] - navigateToUrl("https://uat.etiqa.com.my:4442/cancer-care/en/insurance/qq1"): Navigate to 'https://uat.etiqa.com.my:4442/cancer-care/en/insurance/qq1' successfully

2019-05-06 15:46:17 - [MESSAGE][PASSED] - Navigate to 'https://uat.etiqa.com.my:4442/cancer-care/en/insurance/qq1' successfully]]></system-out>
         <system-err><![CDATA[]]></system-err>
      </testcase>
      <testcase name="Test Cases/01_Language Toggle" classname="Test Cases/01_Language Toggle" status="PASSED">
         <system-out><![CDATA[2019-05-06 15:46:17 - [TEST_CASE][PASSED] - Test Cases/01_Language Toggle: Test Cases/01_Language Toggle

2019-05-06 15:46:17 - [TEST_STEP][PASSED] - selectOptionByLabel(findTestObject("e-Cancer/Language Option"), "B.Malaysia", false): All options with label 'B.Malaysia' are selected in object 'Object Repository/e-Cancer/Language Option' 

2019-05-06 15:46:18 - [MESSAGE][PASSED] - All options with label 'B.Malaysia' are selected in object 'Object Repository/e-Cancer/Language Option' 

2019-05-06 15:46:18 - [TEST_STEP][PASSED] - verifyElementText(findTestObject("e-Cancer/Form Instruction"), "Sila lengkapkan borang berikut"): Actual text and expected text of test object 'Object Repository/e-Cancer/Form Instruction' are matched.

2019-05-06 15:46:18 - [MESSAGE][PASSED] - Actual text and expected text of test object 'Object Repository/e-Cancer/Form Instruction' are matched.

2019-05-06 15:46:18 - [TEST_STEP][PASSED] - selectOptionByLabel(findTestObject("e-Cancer/Language Option"), "English", false): All options with label 'English' are selected in object 'Object Repository/e-Cancer/Language Option' 

2019-05-06 15:46:19 - [MESSAGE][PASSED] - All options with label 'English' are selected in object 'Object Repository/e-Cancer/Language Option' 

2019-05-06 15:46:19 - [TEST_STEP][PASSED] - verifyElementText(findTestObject("e-Cancer/Form Instruction"), "Please complete the form below"): Actual text and expected text of test object 'Object Repository/e-Cancer/Form Instruction' are matched.

2019-05-06 15:46:19 - [MESSAGE][PASSED] - Actual text and expected text of test object 'Object Repository/e-Cancer/Form Instruction' are matched.]]></system-out>
         <system-err><![CDATA[]]></system-err>
      </testcase>
      <testcase name="Test Cases/02_DOB Selection" classname="Test Cases/02_DOB Selection" status="PASSED">
         <system-out><![CDATA[2019-05-06 15:46:19 - [TEST_CASE][PASSED] - Test Cases/02_DOB Selection: Test Cases/02_DOB Selection

2019-05-06 15:46:19 - [TEST_STEP][PASSED] - click(findTestObject("e-Cancer/Next")): Object: 'Object Repository/e-Cancer/Next' is clicked on

2019-05-06 15:46:19 - [MESSAGE][PASSED] - Object: 'Object Repository/e-Cancer/Next' is clicked on

2019-05-06 15:46:19 - [TEST_STEP][PASSED] - verifyElementText(findTestObject("e-Cancer/DOB Feedback Message"), "Please enter your Date of Birth"): Actual text and expected text of test object 'Object Repository/e-Cancer/DOB Feedback Message' are matched.

2019-05-06 15:46:20 - [MESSAGE][PASSED] - Actual text and expected text of test object 'Object Repository/e-Cancer/DOB Feedback Message' are matched.

2019-05-06 15:46:20 - [TEST_STEP][PASSED] - setText(findTestObject("e-Cancer/DOB"), "12/23/1980"): Text '12/23/1980' is set on object 'Object Repository/e-Cancer/DOB'

2019-05-06 15:46:20 - [MESSAGE][PASSED] - Text '12/23/1980' is set on object 'Object Repository/e-Cancer/DOB'

2019-05-06 15:46:20 - [TEST_STEP][PASSED] - verifyElementText(findTestObject("e-Cancer/DOB Feedback Message"), "Please enter a valid Date of Birth"): Actual text and expected text of test object 'Object Repository/e-Cancer/DOB Feedback Message' are matched.

2019-05-06 15:46:20 - [MESSAGE][PASSED] - Actual text and expected text of test object 'Object Repository/e-Cancer/DOB Feedback Message' are matched.

2019-05-06 15:46:20 - [TEST_STEP][PASSED] - setText(findTestObject("e-Cancer/DOB"), "01/01/2018"): Text '01/01/2018' is set on object 'Object Repository/e-Cancer/DOB'

2019-05-06 15:46:21 - [MESSAGE][PASSED] - Text '01/01/2018' is set on object 'Object Repository/e-Cancer/DOB'

2019-05-06 15:46:21 - [TEST_STEP][PASSED] - verifyElementText(findTestObject("e-Cancer/DOB Feedback Message"), "Sorry, you are not eligible for this insurance because you did not meet the minimum age limit"): Actual text and expected text of test object 'Object Repository/e-Cancer/DOB Feedback Message' are matched.

2019-05-06 15:46:21 - [MESSAGE][PASSED] - Actual text and expected text of test object 'Object Repository/e-Cancer/DOB Feedback Message' are matched.

2019-05-06 15:46:21 - [TEST_STEP][PASSED] - clearText(findTestObject("e-Cancer/DOB")): Text of object 'Object Repository/e-Cancer/DOB' is cleared

2019-05-06 15:46:21 - [MESSAGE][PASSED] - Text of object 'Object Repository/e-Cancer/DOB' is cleared]]></system-out>
         <system-err><![CDATA[]]></system-err>
      </testcase>
      <testcase name="Test Cases/03_Gender" classname="Test Cases/03_Gender" status="PASSED">
         <system-out><![CDATA[2019-05-06 15:46:21 - [TEST_CASE][PASSED] - Test Cases/03_Gender: Test Cases/03_Gender

2019-05-06 15:46:21 - [TEST_STEP][PASSED] - click(findTestObject("e-Cancer/Next")): Object: 'Object Repository/e-Cancer/Next' is clicked on

2019-05-06 15:46:22 - [MESSAGE][PASSED] - Object: 'Object Repository/e-Cancer/Next' is clicked on

2019-05-06 15:46:22 - [TEST_STEP][PASSED] - verifyElementText(findTestObject("e-Cancer/Gender Feedback Message"), "Please select your Gender"): Actual text and expected text of test object 'Object Repository/e-Cancer/Gender Feedback Message' are matched.

2019-05-06 15:46:22 - [MESSAGE][PASSED] - Actual text and expected text of test object 'Object Repository/e-Cancer/Gender Feedback Message' are matched.

2019-05-06 15:46:22 - [TEST_STEP][PASSED] - click(findTestObject("e-Cancer/Gender - Male")): Object: 'Object Repository/e-Cancer/Gender - Male' is clicked on

2019-05-06 15:46:22 - [MESSAGE][PASSED] - Object: 'Object Repository/e-Cancer/Gender - Male' is clicked on

2019-05-06 15:46:22 - [TEST_STEP][PASSED] - verifyElementNotVisible(findTestObject("e-Cancer/Gender Feedback Message"), STOP_ON_FAILURE): Object 'Object Repository/e-Cancer/Gender Feedback Message' is NOT visible

2019-05-06 15:46:22 - [MESSAGE][PASSED] - Object 'Object Repository/e-Cancer/Gender Feedback Message' is NOT visible

2019-05-06 15:46:22 - [TEST_STEP][PASSED] - click(findTestObject("e-Cancer/Gender - Female")): Object: 'Object Repository/e-Cancer/Gender - Female' is clicked on

2019-05-06 15:46:22 - [MESSAGE][PASSED] - Object: 'Object Repository/e-Cancer/Gender - Female' is clicked on]]></system-out>
         <system-err><![CDATA[]]></system-err>
      </testcase>
      <system-out><![CDATA[2019-05-06 15:46:10 - [TEST_SUITE][PASSED] - e-Cancer: Test Cases/03_Gender]]></system-out>
      <system-err><![CDATA[]]></system-err>
   </testsuite>
</testsuites>
